{
  "0 debug pnpm:scope": {
    "selected": 1,
    "workspacePrefix": "/Users/link/fed/bud-admin-template/bud-admin-template"
  },
  "1 debug pnpm:package-manifest": {
    "initial": {
      "name": "example",
      "private": true,
      "version": "0.0.0",
      "type": "module",
      "scripts": {
        "dev": "vite",
        "build": "vue-tsc --noEmit && vite build",
        "preview": "vite preview"
      },
      "dependencies": {
        "vue": "^3.2.37",
        "vue-component-lib-template": "workspace:^0.0.0"
      },
      "devDependencies": {
        "@vitejs/plugin-vue": "^3.0.0",
        "typescript": "^4.6.4",
        "vite": "^3.0.0",
        "vue-tsc": "^0.38.4"
      }
    },
    "prefix": "/Users/link/fed/bud-admin-template/bud-admin-template/example"
  },
  "2 debug pnpm:package-manifest": {
    "initial": {
      "name": "bud-admin-template",
      "private": true,
      "version": "0.0.0",
      "type": "module",
      "main": "./dist/bundle.js",
      "module": "./dist/bundle.js",
      "types": "./dist/index.d.ts",
      "files": [
        "dist"
      ],
      "scripts": {
        "dev": "vite",
        "dev:example": "npm -C example run dev",
        "build": "vue-tsc && vite build",
        "preview": "vite preview"
      },
      "devDependencies": {
        "@vitejs/plugin-vue": "^3.2.0",
        "@vitejs/plugin-vue-jsx": "^2.1.1",
        "ant-design-vue": "^3.2.15",
        "path": "^0.12.7",
        "pinia": "^2.0.25",
        "typescript": "^4.6.4",
        "unplugin-vue-components": "^0.22.9",
        "vite": "^3.2.3",
        "vite-plugin-dts": "^1.7.1",
        "vue": "^3.2.45",
        "vue-tsc": "^1.0.9"
      }
    },
    "prefix": "/Users/link/fed/bud-admin-template/bud-admin-template"
  },
  "3 debug pnpm:context": {
    "currentLockfileExists": true,
    "storeDir": "/Users/link/.pnpm-store/v3",
    "virtualStoreDir": "/Users/link/fed/bud-admin-template/bud-admin-template/node_modules/.pnpm"
  },
  "4 debug pnpm:stage": {
    "prefix": "/Users/link/fed/bud-admin-template/bud-admin-template",
    "stage": "resolution_started"
  },
  "5 error pnpm": {
    "code": "ERR_PNPM_NO_MATCHING_VERSION_INSIDE_WORKSPACE",
    "pkgsStack": [],
    "err": {
      "name": "pnpm",
      "message": "In : No matching version found for vue-component-lib-template@^0.0.0 inside the workspace",
      "code": "ERR_PNPM_NO_MATCHING_VERSION_INSIDE_WORKSPACE",
      "stack": "pnpm: In : No matching version found for vue-component-lib-template@^0.0.0 inside the workspace\n    at tryResolveFromWorkspace (/snapshot/dist/pnpm.cjs)\n    at resolveNpm (/snapshot/dist/pnpm.cjs)\n    at Object.resolve (/snapshot/dist/pnpm.cjs)\n    at /snapshot/dist/pnpm.cjs\n    at run (/snapshot/dist/pnpm.cjs)\n    at PQueue._tryToStartAnother (/snapshot/dist/pnpm.cjs)\n    at /snapshot/dist/pnpm.cjs\n    at new Promise (<anonymous>)\n    at PQueue.add (/snapshot/dist/pnpm.cjs)\n    at resolveAndFetch (/snapshot/dist/pnpm.cjs)"
    }
  }
}