Arguments: 
  /Users/link/.nvm/versions/node/v16.14.2/bin/node /Users/link/.nvm/versions/node/v16.14.2/bin/yarn

PATH: 
  /Users/link/Library/pnpm:/Users/link/.nvm/versions/node/v16.14.2/bin:/Library/Frameworks/Python.framework/Versions/3.11/bin:/Users/link/.local/share/solana/install/active_release/bin:/opt/homebrew/bin:/opt/homebrew/sbin:/usr/local/bin:/System/Cryptexes/App/usr/bin:/usr/bin:/bin:/usr/sbin:/sbin:/usr/local/go/bin:/opt/anaconda3/bin:/opt/anaconda3/condabin:/Users/link/Library/pnpm:/Users/link/.nvm/versions/node/v16.14.2/bin:/Library/Frameworks/Python.framework/Versions/3.11/bin:/Users/link/.local/share/solana/install/active_release/bin:/opt/homebrew/bin:/opt/homebrew/sbin:/Users/link/.cargo/bin:/usr/local/go/bin

Yarn version: 
  1.22.19

Node version: 
  16.14.2

Platform: 
  darwin arm64

Trace: 
  Error: https://npm.budcreate.xyz/@babel%2fcore/-/core-7.20.12.tgz: Request failed "502 Bad Gateway"
      at ResponseError.ExtendableBuiltin (/Users/link/.nvm/versions/node/v16.14.2/lib/node_modules/yarn/lib/cli.js:696:66)
      at new ResponseError (/Users/link/.nvm/versions/node/v16.14.2/lib/node_modules/yarn/lib/cli.js:802:124)
      at Request.<anonymous> (/Users/link/.nvm/versions/node/v16.14.2/lib/node_modules/yarn/lib/cli.js:66215:16)
      at Request.emit (node:events:526:28)
      at Request.module.exports.Request.onRequestResponse (/Users/link/.nvm/versions/node/v16.14.2/lib/node_modules/yarn/lib/cli.js:141767:10)
      at ClientRequest.emit (node:events:526:28)
      at HTTPParser.parserOnIncomingClient (node:_http_client:618:27)
      at HTTPParser.parserOnHeadersComplete (node:_http_common:128:17)
      at TLSSocket.socketOnData (node:_http_client:482:22)
      at TLSSocket.emit (node:events:526:28)

npm manifest: 
  {
      "name": "example",
      "private": true,
      "version": "0.0.0",
      "type": "module",
      "scripts": {
          "dev": "vite",
          "build": "vue-tsc --noEmit && vite build",
          "preview": "vite preview"
      },
      "dependencies": {
          "@bud/bud-admin-template": "workspace:1.0.17-beta",
          "@vitejs/plugin-vue-jsx": "^2.1.1",
          "ant-design-vue": "^3.2.15",
          "axios": "^1.2.1",
          "pinia": "^2.0.25",
          "pinia-plugin-persistedstate": "^3.0.1",
          "vue": "^3.2.37"
      },
      "devDependencies": {
          "@vitejs/plugin-vue": "^3.0.0",
          "typescript": "^4.6.4",
          "vite": "^3.0.0",
          "vue-tsc": "^0.38.4"
      }
  }

yarn manifest: 
  No manifest

Lockfile: 
  No lockfile
